Start testing: Apr 05 22:47 CEST
----------------------------------------------------------
1/2 Testing: allocators.sanitizers
1/2 Test: allocators.sanitizers
Command: "/Users/tedkleinbergman/dev/allocators/build/allocators"
Directory: /Users/tedkleinbergman/dev/allocators/build
"allocators.sanitizers" start time: Apr 05 22:47 CEST
Output:
----------------------------------------------------------
System allocator created!
Pushed stack allocator with handle id 56
Allocated memory at 0x619000000580 with size 1024
Allocated memory at 0x621000000500 with size 2048
Allocated memory at 0x625000000d00 with size 4096
Allocated memory from current allocator at 0x625000001d00 with size 512
<end of output>
Test time =   0.38 sec
----------------------------------------------------------
Test Passed.
"allocators.sanitizers" end time: Apr 05 22:47 CEST
"allocators.sanitizers" time elapsed: 00:00:00
----------------------------------------------------------

2/2 Testing: allocators.leaks
2/2 Test: allocators.leaks
Command: "/usr/bin/leaks" "--atExit" "--" "/Users/tedkleinbergman/dev/allocators/build/allocators_leakcheck"
Directory: /Users/tedkleinbergman/dev/allocators/build
"allocators.leaks" start time: Apr 05 22:47 CEST
Output:
----------------------------------------------------------
System allocator created!
Pushed stack allocator with handle id 56
Allocated memory at 0xb00c28000 with size 1024
Allocated memory at 0xb01030400 with size 2048
Allocated memory at 0xb00c2cc00 with size 4096
Allocated memory from current allocator at 0xb00c2dc00 with size 512
Process 62629 is not debuggable. Due to security restrictions, leaks can only show or save contents of readonly memory of restricted processes.

Process:         allocators_leakcheck [62629]
Path:            /Users/USER/*/allocators_leakcheck
Load Address:    0x104228000
Identifier:      allocators_leakcheck
Version:         0
Code Type:       ARM64
Platform:        macOS
Parent Process:  leaks [62628]
Target Type:     live task

Date/Time:       2026-04-05 22:47:35.395 +0200
Launch Time:     2026-04-05 22:47:35.136 +0200
OS Version:      macOS 26.2 (25C56)
Report Version:  7
Analysis Tool:   /usr/bin/leaks

Physical footprint:         2144K
Physical footprint (peak):  2144K
Idle exit:                  untracked
----

leaks Report Version: 4.0, multi-line stacks
Process 62629: 189 nodes malloced for 31 KB
Process 62629: 0 leaks for 0 total leaked bytes.

<end of output>
Test time =   0.77 sec
----------------------------------------------------------
Test Passed.
"allocators.leaks" end time: Apr 05 22:47 CEST
"allocators.leaks" time elapsed: 00:00:00
----------------------------------------------------------

End testing: Apr 05 22:47 CEST
